<?xml version="1.0" encoding="UTF-8"?>
<testng-results ignored="0" total="1" passed="1" failed="0" skipped="0">
  <reporter-output>
  </reporter-output>
  <suite started-at="2022-08-16T14:46:44 IST" name="Default suite" finished-at="2022-08-16T14:46:51 IST" duration-ms="7201">
    <groups>
    </groups>
    <test started-at="2022-08-16T14:46:44 IST" name="Default test" finished-at="2022-08-16T14:46:51 IST" duration-ms="7201">
      <class name="com.practiceJenkins_Framework.CreateOrganisationTest">
        <test-method signature="createOrganisationTest()[pri:0, instance:com.practiceJenkins_Framework.CreateOrganisationTest@59af0466]" started-at="2022-08-16T14:46:44 IST" name="createOrganisationTest" finished-at="2022-08-16T14:46:51 IST" duration-ms="7157" status="PASS">
          <reporter-output>
          </reporter-output>
        </test-method> <!-- createOrganisationTest -->
      </class> <!-- com.practiceJenkins_Framework.CreateOrganisationTest -->
    </test> <!-- Default test -->
  </suite> <!-- Default suite -->
</testng-results>
